<!DOCTYPE html>

<html>
  <head>
  <meta charset='utf-8'>
  <title>TestNG reports</title>

    <link type="text/css" href="testng-reports.css" rel="stylesheet" />
    <script type="text/javascript" src="jquery-1.7.1.min.js"></script>
    <script type="text/javascript" src="testng-reports.js"></script>
    <script type="text/javascript" src="https://www.google.com/jsapi"></script>
    <script type='text/javascript'>
      google.load('visualization', '1', {packages:['table']});
      google.setOnLoadCallback(drawTable);
      var suiteTableInitFunctions = new Array();
      var suiteTableData = new Array();
    </script>
    <!--
      <script type="text/javascript" src="jquery-ui/js/jquery-ui-1.8.16.custom.min.js"></script>
     -->
  </head>

  <body>
    <div class="top-banner-root">
      <span class="top-banner-title-font">Test results</span>
      <br/>
      <span class="top-banner-font-1">1 suite, 3 failed tests</span>
    </div> <!-- top-banner-root -->
    <div class="navigator-root">
      <div class="navigator-suite-header">
        <span>All suites</span>
        <a href="#" title="Collapse/expand all the suites" class="collapse-all-link">
          <img src="collapseall.gif" class="collapse-all-icon">
          </img> <!-- collapse-all-icon -->
        </a> <!-- collapse-all-link -->
      </div> <!-- navigator-suite-header -->
      <div class="suite">
        <div class="rounded-window">
          <div class="suite-header light-rounded-window-top">
            <a href="#" panel-name="suite-Automation_Test" class="navigator-link">
              <span class="suite-name border-failed">Automation Test</span>
            </a> <!-- navigator-link -->
          </div> <!-- suite-header light-rounded-window-top -->
          <div class="navigator-suite-content">
            <div class="suite-section-title">
              <span>Info</span>
            </div> <!-- suite-section-title -->
            <div class="suite-section-content">
              <ul>
                <li>
                  <a href="#" panel-name="test-xml-Automation_Test" class="navigator-link ">
                    <span>EcommerceTestRunnerFile.xml</span>
                  </a> <!-- navigator-link  -->
                </li>
                <li>
                  <a href="#" panel-name="testlist-Automation_Test" class="navigator-link ">
                    <span class="test-stats">1 test</span>
                  </a> <!-- navigator-link  -->
                </li>
                <li>
                  <a href="#" panel-name="group-Automation_Test" class="navigator-link ">
                    <span>0 groups</span>
                  </a> <!-- navigator-link  -->
                </li>
                <li>
                  <a href="#" panel-name="times-Automation_Test" class="navigator-link ">
                    <span>Times</span>
                  </a> <!-- navigator-link  -->
                </li>
                <li>
                  <a href="#" panel-name="reporter-Automation_Test" class="navigator-link ">
                    <span>Reporter output</span>
                  </a> <!-- navigator-link  -->
                </li>
                <li>
                  <a href="#" panel-name="ignored-methods-Automation_Test" class="navigator-link ">
                    <span>Ignored methods</span>
                  </a> <!-- navigator-link  -->
                </li>
                <li>
                  <a href="#" panel-name="chronological-Automation_Test" class="navigator-link ">
                    <span>Chronological view</span>
                  </a> <!-- navigator-link  -->
                </li>
              </ul>
            </div> <!-- suite-section-content -->
            <div class="result-section">
              <div class="suite-section-title">
                <span>Results</span>
              </div> <!-- suite-section-title -->
              <div class="suite-section-content">
                <ul>
                  <li>
                    <span class="method-stats">8 methods, 3 failed,   5 passed</span>
                  </li>
                  <li>
                    <span class="method-list-title failed">Failed methods</span>
                    <span class="show-or-hide-methods failed">
                      <a href="#" panel-name="suite-Automation_Test" class="hide-methods failed suite-Automation_Test"> (hide)</a> <!-- hide-methods failed suite-Automation_Test -->
                      <a href="#" panel-name="suite-Automation_Test" class="show-methods failed suite-Automation_Test"> (show)</a> <!-- show-methods failed suite-Automation_Test -->
                    </span>
                    <div class="method-list-content failed suite-Automation_Test">
                      <span>
                        <img src="failed.png" width="3%"/>
                        <a href="#" panel-name="suite-Automation_Test" title="pageobjectstests.AddBookTest" class="method navigator-link" hash-for-method="LogInTest">LogInTest</a> <!-- method navigator-link -->
                      </span>
                      <br/>
                      <span>
                        <img src="failed.png" width="3%"/>
                        <a href="#" panel-name="suite-Automation_Test" title="pageobjectstests.LogOutTest" class="method navigator-link" hash-for-method="logOutTest">logOutTest</a> <!-- method navigator-link -->
                      </span>
                      <br/>
                      <span>
                        <img src="failed.png" width="3%"/>
                        <a href="#" panel-name="suite-Automation_Test" title="pageobjectstests.ActivityPageTest" class="method navigator-link" hash-for-method="masterPmsTest(Keeper, Khairul)">masterPmsTest(Keeper, Khairul)</a> <!-- method navigator-link -->
                      </span>
                      <br/>
                    </div> <!-- method-list-content failed suite-Automation_Test -->
                  </li>
                  <li>
                    <span class="method-list-title passed">Passed methods</span>
                    <span class="show-or-hide-methods passed">
                      <a href="#" panel-name="suite-Automation_Test" class="hide-methods passed suite-Automation_Test"> (hide)</a> <!-- hide-methods passed suite-Automation_Test -->
                      <a href="#" panel-name="suite-Automation_Test" class="show-methods passed suite-Automation_Test"> (show)</a> <!-- show-methods passed suite-Automation_Test -->
                    </span>
                    <div class="method-list-content passed suite-Automation_Test">
                      <span>
                        <img src="passed.png" width="3%"/>
                        <a href="#" panel-name="suite-Automation_Test" title="pageobjectstests.HomePageTest" class="method navigator-link" hash-for-method="LogInTest">LogInTest</a> <!-- method navigator-link -->
                      </span>
                      <br/>
                      <span>
                        <img src="passed.png" width="3%"/>
                        <a href="#" panel-name="suite-Automation_Test" title="pageobjectstests.NewEmployeeTest" class="method navigator-link" hash-for-method="LogInTest">LogInTest</a> <!-- method navigator-link -->
                      </span>
                      <br/>
                      <span>
                        <img src="passed.png" width="3%"/>
                        <a href="#" panel-name="suite-Automation_Test" title="pageobjectstests.ActivityPageTest" class="method navigator-link" hash-for-method="masterPmsTest(Batsmen, Danish)">masterPmsTest(Batsmen, Danish)</a> <!-- method navigator-link -->
                      </span>
                      <br/>
                      <span>
                        <img src="passed.png" width="3%"/>
                        <a href="#" panel-name="suite-Automation_Test" title="pageobjectstests.ActivityPageTest" class="method navigator-link" hash-for-method="masterPmsTest(Bowler, Hamza)">masterPmsTest(Bowler, Hamza)</a> <!-- method navigator-link -->
                      </span>
                      <br/>
                      <span>
                        <img src="passed.png" width="3%"/>
                        <a href="#" panel-name="suite-Automation_Test" title="pageobjectstests.ActorIdTests" class="method navigator-link" hash-for-method="test">test</a> <!-- method navigator-link -->
                      </span>
                      <br/>
                    </div> <!-- method-list-content passed suite-Automation_Test -->
                  </li>
                </ul>
              </div> <!-- suite-section-content -->
            </div> <!-- result-section -->
          </div> <!-- navigator-suite-content -->
        </div> <!-- rounded-window -->
      </div> <!-- suite -->
    </div> <!-- navigator-root -->
    <div class="wrapper">
      <div class="main-panel-root">
        <div panel-name="suite-Automation_Test" class="panel Automation_Test">
          <div class="suite-Automation_Test-class-failed">
            <div class="main-panel-header rounded-window-top">
              <img src="failed.png"/>
              <span class="class-name">pageobjectstests.LogOutTest</span>
            </div> <!-- main-panel-header rounded-window-top -->
            <div class="main-panel-content rounded-window-bottom">
              <div class="method">
                <div class="method-content">
                  <a name="logOutTest">
                  </a> <!-- logOutTest -->
                  <span class="method-name">logOutTest</span>
                  <div class="stack-trace">org.openqa.selenium.ElementNotInteractableException: element not interactable
  (Session info: chrome=93.0.4577.82)
Build info: version: &apos;3.141.59&apos;, revision: &apos;e82be7d358&apos;, time: &apos;2018-11-14T08:17:03&apos;
System info: host: &apos;Danishs-MBP&apos;, ip: &apos;fe80:0:0:0:1887:8520:a890:633%en0&apos;, os.name: &apos;Mac OS X&apos;, os.arch: &apos;x86_64&apos;, os.version: &apos;11.4&apos;, java.version: &apos;16.0.2&apos;
Driver info: org.openqa.selenium.chrome.ChromeDriver
Capabilities {acceptInsecureCerts: false, browserName: chrome, browserVersion: 93.0.4577.82, chrome: {chromedriverVersion: 92.0.4515.107 (87a818b10553..., userDataDir: /var/folders/6n/jt725dcd73l...}, goog:chromeOptions: {debuggerAddress: localhost:49658}, javascriptEnabled: true, networkConnectionEnabled: false, pageLoadStrategy: normal, platform: MAC, platformName: MAC, proxy: Proxy(), setWindowRect: true, strictFileInteractability: false, timeouts: {implicit: 0, pageLoad: 300000, script: 30000}, unhandledPromptBehavior: dismiss and notify, webauthn:extension:credBlob: true, webauthn:extension:largeBlob: true, webauthn:virtualAuthenticators: true}
Session ID: c3e15509de0d282d424c0e6c761e572a
	at org.openqa.selenium.remote.http.W3CHttpResponseCodec.createException(W3CHttpResponseCodec.java:187)
	at org.openqa.selenium.remote.http.W3CHttpResponseCodec.decode(W3CHttpResponseCodec.java:122)
	at org.openqa.selenium.remote.http.W3CHttpResponseCodec.decode(W3CHttpResponseCodec.java:49)
	at org.openqa.selenium.remote.HttpCommandExecutor.execute(HttpCommandExecutor.java:158)
	at org.openqa.selenium.remote.service.DriverCommandExecutor.execute(DriverCommandExecutor.java:83)
	at org.openqa.selenium.remote.RemoteWebDriver.execute(RemoteWebDriver.java:552)
	at org.openqa.selenium.remote.RemoteWebElement.execute(RemoteWebElement.java:285)
	at org.openqa.selenium.remote.RemoteWebElement.click(RemoteWebElement.java:84)
	at org.openqa.selenium.support.pagefactory.internal.LocatingElementHandler.invoke(LocatingElementHandler.java:51)
	at jdk.proxy2/jdk.proxy2.$Proxy12.click(Unknown Source)
	at pageobjects.LogOut.loggingOut(LogOut.java:28)
	at pageobjectstests.LogOutTest.logOutTest(LogOutTest.java:17)
... Removed 37 stack frames
</div> <!-- stack-trace -->
                </div> <!-- method-content -->
              </div> <!-- method -->
            </div> <!-- main-panel-content rounded-window-bottom -->
          </div> <!-- suite-Automation_Test-class-failed -->
          <div class="suite-Automation_Test-class-failed">
            <div class="main-panel-header rounded-window-top">
              <img src="failed.png"/>
              <span class="class-name">pageobjectstests.ActivityPageTest</span>
            </div> <!-- main-panel-header rounded-window-top -->
            <div class="main-panel-content rounded-window-bottom">
              <div class="method">
                <div class="method-content">
                  <a name="masterPmsTest(Keeper, Khairul)">
                  </a> <!-- masterPmsTest(Keeper, Khairul) -->
                  <span class="method-name">masterPmsTest</span>
                  <span class="parameters">(Keeper, Khairul)</span>
                  <div class="stack-trace">org.openqa.selenium.NoSuchElementException: no such element: Unable to locate element: {&quot;method&quot;:&quot;css selector&quot;,&quot;selector&quot;:&quot;#Setting_MasterData&quot;}
  (Session info: chrome=93.0.4577.82)
For documentation on this error, please visit: https://www.seleniumhq.org/exceptions/no_such_element.html
Build info: version: &apos;3.141.59&apos;, revision: &apos;e82be7d358&apos;, time: &apos;2018-11-14T08:17:03&apos;
System info: host: &apos;Danishs-MBP&apos;, ip: &apos;fe80:0:0:0:1887:8520:a890:633%en0&apos;, os.name: &apos;Mac OS X&apos;, os.arch: &apos;x86_64&apos;, os.version: &apos;11.4&apos;, java.version: &apos;16.0.2&apos;
Driver info: org.openqa.selenium.chrome.ChromeDriver
Capabilities {acceptInsecureCerts: false, browserName: chrome, browserVersion: 93.0.4577.82, chrome: {chromedriverVersion: 92.0.4515.107 (87a818b10553..., userDataDir: /var/folders/6n/jt725dcd73l...}, goog:chromeOptions: {debuggerAddress: localhost:49906}, javascriptEnabled: true, networkConnectionEnabled: false, pageLoadStrategy: normal, platform: MAC, platformName: MAC, proxy: Proxy(), setWindowRect: true, strictFileInteractability: false, timeouts: {implicit: 0, pageLoad: 300000, script: 30000}, unhandledPromptBehavior: dismiss and notify, webauthn:extension:credBlob: true, webauthn:extension:largeBlob: true, webauthn:virtualAuthenticators: true}
Session ID: 29b62c7c6f31f0d71de52f1d0ae10c7e
*** Element info: {Using=id, value=Setting_MasterData}
	at org.openqa.selenium.remote.http.W3CHttpResponseCodec.createException(W3CHttpResponseCodec.java:187)
	at org.openqa.selenium.remote.http.W3CHttpResponseCodec.decode(W3CHttpResponseCodec.java:122)
	at org.openqa.selenium.remote.http.W3CHttpResponseCodec.decode(W3CHttpResponseCodec.java:49)
	at org.openqa.selenium.remote.HttpCommandExecutor.execute(HttpCommandExecutor.java:158)
	at org.openqa.selenium.remote.service.DriverCommandExecutor.execute(DriverCommandExecutor.java:83)
	at org.openqa.selenium.remote.RemoteWebDriver.execute(RemoteWebDriver.java:552)
	at org.openqa.selenium.remote.RemoteWebDriver.findElement(RemoteWebDriver.java:323)
	at org.openqa.selenium.remote.RemoteWebDriver.findElementById(RemoteWebDriver.java:372)
	at org.openqa.selenium.By$ById.findElement(By.java:188)
	at org.openqa.selenium.remote.RemoteWebDriver.findElement(RemoteWebDriver.java:315)
	at org.openqa.selenium.support.pagefactory.DefaultElementLocator.findElement(DefaultElementLocator.java:69)
	at org.openqa.selenium.support.pagefactory.internal.LocatingElementHandler.invoke(LocatingElementHandler.java:38)
	at jdk.proxy2/jdk.proxy2.$Proxy12.click(Unknown Source)
	at pageobjects.ActivityPage.logIn(ActivityPage.java:34)
	at pageobjectstests.ActivityPageTest.masterPmsTest(ActivityPageTest.java:32)
... Removed 33 stack frames
</div> <!-- stack-trace -->
                </div> <!-- method-content -->
              </div> <!-- method -->
            </div> <!-- main-panel-content rounded-window-bottom -->
          </div> <!-- suite-Automation_Test-class-failed -->
          <div class="suite-Automation_Test-class-failed">
            <div class="main-panel-header rounded-window-top">
              <img src="failed.png"/>
              <span class="class-name">pageobjectstests.AddBookTest</span>
            </div> <!-- main-panel-header rounded-window-top -->
            <div class="main-panel-content rounded-window-bottom">
              <div class="method">
                <div class="method-content">
                  <a name="LogInTest">
                  </a> <!-- LogInTest -->
                  <span class="method-name">LogInTest</span>
                  <div class="stack-trace">java.lang.AssertionError: expected [Hamzi] but found [Hamza]
	at pageobjectstests.AddBookTest.LogInTest(AddBookTest.java:21)
... Removed 34 stack frames
</div> <!-- stack-trace -->
                </div> <!-- method-content -->
              </div> <!-- method -->
            </div> <!-- main-panel-content rounded-window-bottom -->
          </div> <!-- suite-Automation_Test-class-failed -->
          <div class="suite-Automation_Test-class-passed">
            <div class="main-panel-header rounded-window-top">
              <img src="passed.png"/>
              <span class="class-name">pageobjectstests.ActorIdTests</span>
            </div> <!-- main-panel-header rounded-window-top -->
            <div class="main-panel-content rounded-window-bottom">
              <div class="method">
                <div class="method-content">
                  <a name="test">
                  </a> <!-- test -->
                  <span class="method-name">test</span>
                </div> <!-- method-content -->
              </div> <!-- method -->
            </div> <!-- main-panel-content rounded-window-bottom -->
          </div> <!-- suite-Automation_Test-class-passed -->
          <div class="suite-Automation_Test-class-passed">
            <div class="main-panel-header rounded-window-top">
              <img src="passed.png"/>
              <span class="class-name">pageobjectstests.ActivityPageTest</span>
            </div> <!-- main-panel-header rounded-window-top -->
            <div class="main-panel-content rounded-window-bottom">
              <div class="method">
                <div class="method-content">
                  <a name="masterPmsTest(Batsmen, Danish)">
                  </a> <!-- masterPmsTest(Batsmen, Danish) -->
                  <span class="method-name">masterPmsTest</span>
                  <span class="parameters">(Batsmen, Danish)</span>
                </div> <!-- method-content -->
              </div> <!-- method -->
              <div class="method">
                <div class="method-content">
                  <a name="masterPmsTest(Bowler, Hamza)">
                  </a> <!-- masterPmsTest(Bowler, Hamza) -->
                  <span class="method-name">masterPmsTest</span>
                  <span class="parameters">(Bowler, Hamza)</span>
                </div> <!-- method-content -->
              </div> <!-- method -->
            </div> <!-- main-panel-content rounded-window-bottom -->
          </div> <!-- suite-Automation_Test-class-passed -->
          <div class="suite-Automation_Test-class-passed">
            <div class="main-panel-header rounded-window-top">
              <img src="passed.png"/>
              <span class="class-name">pageobjectstests.NewEmployeeTest</span>
            </div> <!-- main-panel-header rounded-window-top -->
            <div class="main-panel-content rounded-window-bottom">
              <div class="method">
                <div class="method-content">
                  <a name="LogInTest">
                  </a> <!-- LogInTest -->
                  <span class="method-name">LogInTest</span>
                </div> <!-- method-content -->
              </div> <!-- method -->
            </div> <!-- main-panel-content rounded-window-bottom -->
          </div> <!-- suite-Automation_Test-class-passed -->
          <div class="suite-Automation_Test-class-passed">
            <div class="main-panel-header rounded-window-top">
              <img src="passed.png"/>
              <span class="class-name">pageobjectstests.HomePageTest</span>
            </div> <!-- main-panel-header rounded-window-top -->
            <div class="main-panel-content rounded-window-bottom">
              <div class="method">
                <div class="method-content">
                  <a name="LogInTest">
                  </a> <!-- LogInTest -->
                  <span class="method-name">LogInTest</span>
                </div> <!-- method-content -->
              </div> <!-- method -->
            </div> <!-- main-panel-content rounded-window-bottom -->
          </div> <!-- suite-Automation_Test-class-passed -->
        </div> <!-- panel Automation_Test -->
        <div panel-name="test-xml-Automation_Test" class="panel">
          <div class="main-panel-header rounded-window-top">
            <span class="header-content">/Users/danishbangash/Desktop/QA/FrameWork/HRPMS/target/test-classes/EcommerceTestRunnerFile.xml</span>
          </div> <!-- main-panel-header rounded-window-top -->
          <div class="main-panel-content rounded-window-bottom">
            <pre>
&lt;?xml version=&quot;1.0&quot; encoding=&quot;UTF-8&quot;?&gt;
&lt;!DOCTYPE suite SYSTEM &quot;http://testng.org/testng-1.0.dtd&quot;&gt;
&lt;suite name=&quot;Automation Test&quot; guice-stage=&quot;DEVELOPMENT&quot; verbose=&quot;0&quot;&gt;
  &lt;test thread-count=&quot;5&quot; name=&quot;HRPMS&quot; verbose=&quot;0&quot;&gt;
    &lt;classes&gt;
      &lt;class name=&quot;pageobjectstests.HomePageTest&quot;/&gt;
      &lt;class name=&quot;pageobjectstests.LogOutTest&quot;/&gt;
      &lt;class name=&quot;pageobjectstests.NewEmployeeTest&quot;/&gt;
      &lt;class name=&quot;pageobjectstests.AddBookTest&quot;/&gt;
      &lt;class name=&quot;pageobjectstests.ActorIdTests&quot;/&gt;
      &lt;class name=&quot;pageobjectstests.ActivityPageTest&quot;/&gt;
    &lt;/classes&gt;
  &lt;/test&gt; &lt;!-- HRPMS --&gt;
&lt;/suite&gt; &lt;!-- Automation Test --&gt;
            </pre>
          </div> <!-- main-panel-content rounded-window-bottom -->
        </div> <!-- panel -->
        <div panel-name="testlist-Automation_Test" class="panel">
          <div class="main-panel-header rounded-window-top">
            <span class="header-content">Tests for Automation Test</span>
          </div> <!-- main-panel-header rounded-window-top -->
          <div class="main-panel-content rounded-window-bottom">
            <ul>
              <li>
                <span class="test-name">HRPMS (6 classes)</span>
              </li>
            </ul>
          </div> <!-- main-panel-content rounded-window-bottom -->
        </div> <!-- panel -->
        <div panel-name="group-Automation_Test" class="panel">
          <div class="main-panel-header rounded-window-top">
            <span class="header-content">Groups for Automation Test</span>
          </div> <!-- main-panel-header rounded-window-top -->
          <div class="main-panel-content rounded-window-bottom">
          </div> <!-- main-panel-content rounded-window-bottom -->
        </div> <!-- panel -->
        <div panel-name="times-Automation_Test" class="panel">
          <div class="main-panel-header rounded-window-top">
            <span class="header-content">Times for Automation Test</span>
          </div> <!-- main-panel-header rounded-window-top -->
          <div class="main-panel-content rounded-window-bottom">
            <div class="times-div">
              <script type="text/javascript">
suiteTableInitFunctions.push('tableData_Automation_Test');
function tableData_Automation_Test() {
var data = new google.visualization.DataTable();
data.addColumn('number', 'Number');
data.addColumn('string', 'Method');
data.addColumn('string', 'Class');
data.addColumn('number', 'Time (ms)');
data.addRows(8);
data.setCell(0, 0, 0)
data.setCell(0, 1, 'LogInTest')
data.setCell(0, 2, 'pageobjectstests.NewEmployeeTest')
data.setCell(0, 3, 12562);
data.setCell(1, 0, 1)
data.setCell(1, 1, 'LogInTest')
data.setCell(1, 2, 'pageobjectstests.AddBookTest')
data.setCell(1, 3, 5584);
data.setCell(2, 0, 2)
data.setCell(2, 1, 'masterPmsTest')
data.setCell(2, 2, 'pageobjectstests.ActivityPageTest')
data.setCell(2, 3, 5471);
data.setCell(3, 0, 3)
data.setCell(3, 1, 'masterPmsTest')
data.setCell(3, 2, 'pageobjectstests.ActivityPageTest')
data.setCell(3, 3, 5355);
data.setCell(4, 0, 4)
data.setCell(4, 1, 'logOutTest')
data.setCell(4, 2, 'pageobjectstests.LogOutTest')
data.setCell(4, 3, 3023);
data.setCell(5, 0, 5)
data.setCell(5, 1, 'LogInTest')
data.setCell(5, 2, 'pageobjectstests.HomePageTest')
data.setCell(5, 3, 2871);
data.setCell(6, 0, 6)
data.setCell(6, 1, 'masterPmsTest')
data.setCell(6, 2, 'pageobjectstests.ActivityPageTest')
data.setCell(6, 3, 2865);
data.setCell(7, 0, 7)
data.setCell(7, 1, 'test')
data.setCell(7, 2, 'pageobjectstests.ActorIdTests')
data.setCell(7, 3, 976);
window.suiteTableData['Automation_Test']= { tableData: data, tableDiv: 'times-div-Automation_Test'}
return data;
}
              </script>
              <span class="suite-total-time">Total running time: 38 seconds</span>
              <div id="times-div-Automation_Test">
              </div> <!-- times-div-Automation_Test -->
            </div> <!-- times-div -->
          </div> <!-- main-panel-content rounded-window-bottom -->
        </div> <!-- panel -->
        <div panel-name="reporter-Automation_Test" class="panel">
          <div class="main-panel-header rounded-window-top">
            <span class="header-content">Reporter output for Automation Test</span>
          </div> <!-- main-panel-header rounded-window-top -->
          <div class="main-panel-content rounded-window-bottom">
          </div> <!-- main-panel-content rounded-window-bottom -->
        </div> <!-- panel -->
        <div panel-name="ignored-methods-Automation_Test" class="panel">
          <div class="main-panel-header rounded-window-top">
            <span class="header-content">8 ignored methods</span>
          </div> <!-- main-panel-header rounded-window-top -->
          <div class="main-panel-content rounded-window-bottom">
            <div class="ignored-class-div">
              <span class="ignored-class-name">pageobjectstests.LogOutTest</span>
              <div class="ignored-methods-div">
                <span class="ignored-method-name">extentSetup</span>
                <br/>
                <span class="ignored-method-name">generateReport</span>
                <br/>
              </div> <!-- ignored-methods-div -->
            </div> <!-- ignored-class-div -->
            <div class="ignored-class-div">
              <span class="ignored-class-name">pageobjectstests.ActivityPageTest</span>
              <div class="ignored-methods-div">
                <span class="ignored-method-name">extentSetup</span>
                <br/>
                <span class="ignored-method-name">generateReport</span>
                <br/>
              </div> <!-- ignored-methods-div -->
            </div> <!-- ignored-class-div -->
            <div class="ignored-class-div">
              <span class="ignored-class-name">pageobjectstests.NewEmployeeTest</span>
              <div class="ignored-methods-div">
                <span class="ignored-method-name">extentSetup</span>
                <br/>
                <span class="ignored-method-name">generateReport</span>
                <br/>
              </div> <!-- ignored-methods-div -->
            </div> <!-- ignored-class-div -->
            <div class="ignored-class-div">
              <span class="ignored-class-name">pageobjectstests.AddBookTest</span>
              <div class="ignored-methods-div">
                <span class="ignored-method-name">extentSetup</span>
                <br/>
                <span class="ignored-method-name">generateReport</span>
                <br/>
              </div> <!-- ignored-methods-div -->
            </div> <!-- ignored-class-div -->
          </div> <!-- main-panel-content rounded-window-bottom -->
        </div> <!-- panel -->
        <div panel-name="chronological-Automation_Test" class="panel">
          <div class="main-panel-header rounded-window-top">
            <span class="header-content">Methods in chronological order</span>
          </div> <!-- main-panel-header rounded-window-top -->
          <div class="main-panel-content rounded-window-bottom">
            <div class="chronological-class">
              <div class="chronological-class-name">pageobjectstests.HomePageTest</div> <!-- chronological-class-name -->
              <div class="configuration-suite before">
                <span class="method-name">extentSetup(org.testng.TestRunner@9f674ac)</span>
                <span class="method-start">0 ms</span>
              </div> <!-- configuration-suite before -->
              <div class="configuration-method before">
                <span class="method-name">setUp</span>
                <span class="method-start">342 ms</span>
              </div> <!-- configuration-method before -->
              <div class="configuration-method before">
                <span class="method-name">startExtent(public void pageobjectstests.HomePageTest.LogInTest())</span>
                <span class="method-start">5396 ms</span>
              </div> <!-- configuration-method before -->
              <div class="configuration-method before">
                <span class="method-name">initializeElements</span>
                <span class="method-start">5404 ms</span>
              </div> <!-- configuration-method before -->
              <div class="test-method">
                <span class="method-name">LogInTest</span>
                <span class="method-start">5487 ms</span>
              </div> <!-- test-method -->
              <div class="configuration-method after">
                <span class="method-name">afterEachTestMethod([TestResult name=LogInTest status=SUCCESS method=HomePageTest.LogInTest()[pri:0, instance:pageobject...)</span>
                <span class="method-start">8359 ms</span>
              </div> <!-- configuration-method after -->
              <div class="configuration-method after">
                <span class="method-name">cleanUp</span>
                <span class="method-start">9157 ms</span>
              </div> <!-- configuration-method after -->
            </div> <!-- chronological-class -->
            <div class="chronological-class">
              <div class="chronological-class-name">pageobjectstests.LogOutTest</div> <!-- chronological-class-name -->
              <div class="configuration-method before">
                <span class="method-name">setUp</span>
                <span class="method-start">14164 ms</span>
              </div> <!-- configuration-method before -->
              <div class="configuration-method before">
                <span class="method-name">startExtent(public void pageobjectstests.LogOutTest.logOutTest())</span>
                <span class="method-start">17976 ms</span>
              </div> <!-- configuration-method before -->
              <div class="configuration-method before">
                <span class="method-name">initializeElements</span>
                <span class="method-start">17976 ms</span>
              </div> <!-- configuration-method before -->
              <div class="test-method">
                <img src="failed.png">
                </img>
                <span class="method-name">logOutTest</span>
                <span class="method-start">17980 ms</span>
              </div> <!-- test-method -->
              <div class="configuration-method after">
                <span class="method-name">afterEachTestMethod([TestResult name=logOutTest status=FAILURE method=LogOutTest.logOutTest()[pri:0, instance:pageobject...)</span>
                <span class="method-start">21031 ms</span>
              </div> <!-- configuration-method after -->
              <div class="configuration-method after">
                <span class="method-name">cleanUp</span>
                <span class="method-start">21908 ms</span>
              </div> <!-- configuration-method after -->
            </div> <!-- chronological-class -->
            <div class="chronological-class">
              <div class="chronological-class-name">pageobjectstests.NewEmployeeTest</div> <!-- chronological-class-name -->
              <div class="configuration-method before">
                <span class="method-name">setUp</span>
                <span class="method-start">26912 ms</span>
              </div> <!-- configuration-method before -->
              <div class="configuration-method before">
                <span class="method-name">startExtent(public void pageobjectstests.NewEmployeeTest.LogInTest())</span>
                <span class="method-start">30122 ms</span>
              </div> <!-- configuration-method before -->
              <div class="configuration-method before">
                <span class="method-name">initializeElements</span>
                <span class="method-start">30122 ms</span>
              </div> <!-- configuration-method before -->
              <div class="test-method">
                <span class="method-name">LogInTest</span>
                <span class="method-start">30146 ms</span>
              </div> <!-- test-method -->
              <div class="configuration-method after">
                <span class="method-name">afterEachTestMethod([TestResult name=LogInTest status=SUCCESS method=NewEmployeeTest.LogInTest()[pri:0, instance:pageobj...)</span>
                <span class="method-start">42709 ms</span>
              </div> <!-- configuration-method after -->
              <div class="configuration-method after">
                <span class="method-name">cleanUp</span>
                <span class="method-start">43007 ms</span>
              </div> <!-- configuration-method after -->
            </div> <!-- chronological-class -->
            <div class="chronological-class">
              <div class="chronological-class-name">pageobjectstests.AddBookTest</div> <!-- chronological-class-name -->
              <div class="configuration-method before">
                <span class="method-name">setUp</span>
                <span class="method-start">48011 ms</span>
              </div> <!-- configuration-method before -->
              <div class="configuration-method before">
                <span class="method-name">startExtent(public void pageobjectstests.AddBookTest.LogInTest())</span>
                <span class="method-start">51739 ms</span>
              </div> <!-- configuration-method before -->
              <div class="configuration-method before">
                <span class="method-name">initializeElements</span>
                <span class="method-start">51740 ms</span>
              </div> <!-- configuration-method before -->
              <div class="test-method">
                <img src="failed.png">
                </img>
                <span class="method-name">LogInTest</span>
                <span class="method-start">51743 ms</span>
              </div> <!-- test-method -->
              <div class="configuration-method after">
                <span class="method-name">afterEachTestMethod([TestResult name=LogInTest status=FAILURE method=AddBookTest.LogInTest()[pri:0, instance:pageobjects...)</span>
                <span class="method-start">57327 ms</span>
              </div> <!-- configuration-method after -->
              <div class="configuration-method after">
                <span class="method-name">cleanUp</span>
                <span class="method-start">57998 ms</span>
              </div> <!-- configuration-method after -->
            </div> <!-- chronological-class -->
            <div class="chronological-class">
              <div class="chronological-class-name">pageobjectstests.ActorIdTests</div> <!-- chronological-class-name -->
              <div class="test-method">
                <span class="method-name">test</span>
                <span class="method-start">63002 ms</span>
              </div> <!-- test-method -->
            </div> <!-- chronological-class -->
            <div class="chronological-class">
              <div class="chronological-class-name">pageobjectstests.ActivityPageTest</div> <!-- chronological-class-name -->
              <div class="configuration-method before">
                <span class="method-name">setUp</span>
                <span class="method-start">64538 ms</span>
              </div> <!-- configuration-method before -->
              <div class="configuration-method before">
                <span class="method-name">startExtent(public void pageobjectstests.ActivityPageTest.masterPmsTest(java.lang.String,java.lang.String))</span>
                <span class="method-start">70353 ms</span>
              </div> <!-- configuration-method before -->
              <div class="configuration-method before">
                <span class="method-name">initializeElements</span>
                <span class="method-start">70354 ms</span>
              </div> <!-- configuration-method before -->
              <div class="test-method">
                <span class="method-name">masterPmsTest(Batsmen, Danish)</span>
                <span class="method-start">70357 ms</span>
              </div> <!-- test-method -->
              <div class="configuration-method after">
                <span class="method-name">afterEachTestMethod([TestResult name=masterPmsTest status=SUCCESS method=ActivityPageTest.masterPmsTest(java.lang.String...)</span>
                <span class="method-start">75713 ms</span>
              </div> <!-- configuration-method after -->
              <div class="configuration-method after">
                <span class="method-name">cleanUp</span>
                <span class="method-start">75964 ms</span>
              </div> <!-- configuration-method after -->
              <div class="configuration-method before">
                <span class="method-name">setUp</span>
                <span class="method-start">80968 ms</span>
              </div> <!-- configuration-method before -->
              <div class="configuration-method before">
                <span class="method-name">startExtent(public void pageobjectstests.ActivityPageTest.masterPmsTest(java.lang.String,java.lang.String))</span>
                <span class="method-start">89780 ms</span>
              </div> <!-- configuration-method before -->
              <div class="configuration-method before">
                <span class="method-name">initializeElements</span>
                <span class="method-start">89780 ms</span>
              </div> <!-- configuration-method before -->
              <div class="test-method">
                <span class="method-name">masterPmsTest(Bowler, Hamza)</span>
                <span class="method-start">89781 ms</span>
              </div> <!-- test-method -->
              <div class="configuration-method after">
                <span class="method-name">afterEachTestMethod([TestResult name=masterPmsTest status=SUCCESS method=ActivityPageTest.masterPmsTest(java.lang.String...)</span>
                <span class="method-start">95252 ms</span>
              </div> <!-- configuration-method after -->
              <div class="configuration-method after">
                <span class="method-name">cleanUp</span>
                <span class="method-start">95509 ms</span>
              </div> <!-- configuration-method after -->
              <div class="configuration-method before">
                <span class="method-name">setUp</span>
                <span class="method-start">100511 ms</span>
              </div> <!-- configuration-method before -->
              <div class="configuration-method before">
                <span class="method-name">startExtent(public void pageobjectstests.ActivityPageTest.masterPmsTest(java.lang.String,java.lang.String))</span>
                <span class="method-start">109642 ms</span>
              </div> <!-- configuration-method before -->
              <div class="configuration-method before">
                <span class="method-name">initializeElements</span>
                <span class="method-start">109643 ms</span>
              </div> <!-- configuration-method before -->
              <div class="test-method">
                <img src="failed.png">
                </img>
                <span class="method-name">masterPmsTest(Keeper, Khairul)</span>
                <span class="method-start">109643 ms</span>
              </div> <!-- test-method -->
              <div class="configuration-method after">
                <span class="method-name">afterEachTestMethod([TestResult name=masterPmsTest status=FAILURE method=ActivityPageTest.masterPmsTest(java.lang.String...)</span>
                <span class="method-start">112509 ms</span>
              </div> <!-- configuration-method after -->
              <div class="configuration-method after">
                <span class="method-name">cleanUp</span>
                <span class="method-start">113183 ms</span>
              </div> <!-- configuration-method after -->
            </div> <!-- chronological-class -->
            <div class="chronological-class">
              <div class="chronological-class-name">pageobjectstests.HomePageTest</div> <!-- chronological-class-name -->
              <div class="configuration-suite after">
                <span class="method-name">generateReport</span>
                <span class="method-start">118380 ms</span>
              </div> <!-- configuration-suite after -->
          </div> <!-- main-panel-content rounded-window-bottom -->
        </div> <!-- panel -->
      </div> <!-- main-panel-root -->
    </div> <!-- wrapper -->
  </body>
</html>
