<?xml version="1.0" encoding="UTF-8"?>
<testng-results ignored="8" total="16" passed="5" failed="3" skipped="0">
  <reporter-output>
    <line>
      <![CDATA[Extent Report Directory/Users/danishbangash/Desktop/QA/FrameWork/HRPMS/target/surefire-reports/html]]>
    </line>
  </reporter-output>
  <suite started-at="2021-09-17T03:28:32Z" name="Automation Test" finished-at="2021-09-17T03:30:30Z" duration-ms="117856">
    <groups>
    </groups>
    <test started-at="2021-09-17T03:28:32Z" name="HRPMS" finished-at="2021-09-17T03:30:30Z" duration-ms="117856">
      <class name="pageobjectstests.ActivityPageTest">
        <test-method is-config="true" signature="setUp()[pri:0, instance:pageobjectstests.ActivityPageTest@4ae82894]" started-at="2021-09-17T03:29:37Z" name="setUp" finished-at="2021-09-17T03:29:42Z" duration-ms="5815" status="PASS">
          <reporter-output>
          </reporter-output>
        </test-method> <!-- setUp -->
        <test-method is-config="true" signature="startExtent(java.lang.reflect.Method)[pri:0, instance:pageobjectstests.ActivityPageTest@4ae82894]" started-at="2021-09-17T03:29:42Z" name="startExtent" finished-at="2021-09-17T03:29:42Z" duration-ms="1" status="PASS">
          <params>
            <param index="0">
              <value>
                <![CDATA[public void pageobjectstests.ActivityPageTest.masterPmsTest(java.lang.String,java.lang.String)]]>
              </value>
            </param>
          </params>
          <reporter-output>
          </reporter-output>
        </test-method> <!-- startExtent -->
        <test-method is-config="true" signature="initializeElements()[pri:0, instance:pageobjectstests.ActivityPageTest@4ae82894]" started-at="2021-09-17T03:29:42Z" name="initializeElements" finished-at="2021-09-17T03:29:42Z" duration-ms="3" status="PASS">
          <reporter-output>
          </reporter-output>
        </test-method> <!-- initializeElements -->
        <test-method signature="masterPmsTest(java.lang.String, java.lang.String)[pri:0, instance:pageobjectstests.ActivityPageTest@4ae82894]" started-at="2021-09-17T03:29:42Z" name="masterPmsTest" data-provider="dataProvider" finished-at="2021-09-17T03:29:48Z" duration-ms="5355" status="PASS">
          <params>
            <param index="0">
              <value>
                <![CDATA[Batsmen]]>
              </value>
            </param>
            <param index="1">
              <value>
                <![CDATA[Danish]]>
              </value>
            </param>
          </params>
          <reporter-output>
          </reporter-output>
        </test-method> <!-- masterPmsTest -->
        <test-method is-config="true" signature="afterEachTestMethod(org.testng.ITestResult)[pri:0, instance:pageobjectstests.ActivityPageTest@4ae82894]" started-at="2021-09-17T03:29:48Z" name="afterEachTestMethod" finished-at="2021-09-17T03:29:48Z" duration-ms="251" status="PASS">
          <params>
            <param index="0">
              <value>
                <![CDATA[[TestResult name=masterPmsTest status=SUCCESS method=ActivityPageTest.masterPmsTest(java.lang.String, java.lang.String)[pri:0, instance:pageobjectstests.ActivityPageTest@4ae82894] output={null}]]]>
              </value>
            </param>
          </params>
          <reporter-output>
          </reporter-output>
        </test-method> <!-- afterEachTestMethod -->
        <test-method is-config="true" signature="cleanUp()[pri:0, instance:pageobjectstests.ActivityPageTest@4ae82894]" started-at="2021-09-17T03:29:48Z" name="cleanUp" finished-at="2021-09-17T03:29:53Z" duration-ms="5004" status="PASS">
          <reporter-output>
          </reporter-output>
        </test-method> <!-- cleanUp -->
        <test-method is-config="true" signature="setUp()[pri:0, instance:pageobjectstests.ActivityPageTest@4ae82894]" started-at="2021-09-17T03:29:53Z" name="setUp" finished-at="2021-09-17T03:30:02Z" duration-ms="8812" status="PASS">
          <reporter-output>
          </reporter-output>
        </test-method> <!-- setUp -->
        <test-method is-config="true" signature="initializeElements()[pri:0, instance:pageobjectstests.ActivityPageTest@4ae82894]" started-at="2021-09-17T03:30:02Z" name="initializeElements" finished-at="2021-09-17T03:30:02Z" duration-ms="1" status="PASS">
          <reporter-output>
          </reporter-output>
        </test-method> <!-- initializeElements -->
        <test-method is-config="true" signature="startExtent(java.lang.reflect.Method)[pri:0, instance:pageobjectstests.ActivityPageTest@4ae82894]" started-at="2021-09-17T03:30:02Z" name="startExtent" finished-at="2021-09-17T03:30:02Z" duration-ms="0" status="PASS">
          <params>
            <param index="0">
              <value>
                <![CDATA[public void pageobjectstests.ActivityPageTest.masterPmsTest(java.lang.String,java.lang.String)]]>
              </value>
            </param>
          </params>
          <reporter-output>
          </reporter-output>
        </test-method> <!-- startExtent -->
        <test-method signature="masterPmsTest(java.lang.String, java.lang.String)[pri:0, instance:pageobjectstests.ActivityPageTest@4ae82894]" started-at="2021-09-17T03:30:02Z" name="masterPmsTest" data-provider="dataProvider" finished-at="2021-09-17T03:30:07Z" duration-ms="5471" status="PASS">
          <params>
            <param index="0">
              <value>
                <![CDATA[Bowler]]>
              </value>
            </param>
            <param index="1">
              <value>
                <![CDATA[Hamza]]>
              </value>
            </param>
          </params>
          <reporter-output>
          </reporter-output>
        </test-method> <!-- masterPmsTest -->
        <test-method is-config="true" signature="afterEachTestMethod(org.testng.ITestResult)[pri:0, instance:pageobjectstests.ActivityPageTest@4ae82894]" started-at="2021-09-17T03:30:07Z" name="afterEachTestMethod" finished-at="2021-09-17T03:30:07Z" duration-ms="256" status="PASS">
          <params>
            <param index="0">
              <value>
                <![CDATA[[TestResult name=masterPmsTest status=SUCCESS method=ActivityPageTest.masterPmsTest(java.lang.String, java.lang.String)[pri:0, instance:pageobjectstests.ActivityPageTest@4ae82894] output={null}]]]>
              </value>
            </param>
          </params>
          <reporter-output>
          </reporter-output>
        </test-method> <!-- afterEachTestMethod -->
        <test-method is-config="true" signature="cleanUp()[pri:0, instance:pageobjectstests.ActivityPageTest@4ae82894]" started-at="2021-09-17T03:30:07Z" name="cleanUp" finished-at="2021-09-17T03:30:12Z" duration-ms="5002" status="PASS">
          <reporter-output>
          </reporter-output>
        </test-method> <!-- cleanUp -->
        <test-method is-config="true" signature="setUp()[pri:0, instance:pageobjectstests.ActivityPageTest@4ae82894]" started-at="2021-09-17T03:30:12Z" name="setUp" finished-at="2021-09-17T03:30:22Z" duration-ms="9131" status="PASS">
          <reporter-output>
          </reporter-output>
        </test-method> <!-- setUp -->
        <test-method is-config="true" signature="startExtent(java.lang.reflect.Method)[pri:0, instance:pageobjectstests.ActivityPageTest@4ae82894]" started-at="2021-09-17T03:30:22Z" name="startExtent" finished-at="2021-09-17T03:30:22Z" duration-ms="1" status="PASS">
          <params>
            <param index="0">
              <value>
                <![CDATA[public void pageobjectstests.ActivityPageTest.masterPmsTest(java.lang.String,java.lang.String)]]>
              </value>
            </param>
          </params>
          <reporter-output>
          </reporter-output>
        </test-method> <!-- startExtent -->
        <test-method signature="masterPmsTest(java.lang.String, java.lang.String)[pri:0, instance:pageobjectstests.ActivityPageTest@4ae82894]" started-at="2021-09-17T03:30:22Z" name="masterPmsTest" data-provider="dataProvider" finished-at="2021-09-17T03:30:24Z" duration-ms="2865" status="FAIL">
          <params>
            <param index="0">
              <value>
                <![CDATA[Keeper]]>
              </value>
            </param>
            <param index="1">
              <value>
                <![CDATA[Khairul]]>
              </value>
            </param>
          </params>
          <exception class="org.openqa.selenium.NoSuchElementException">
            <message>
              <![CDATA[no such element: Unable to locate element: {"method":"css selector","selector":"#Setting_MasterData"}
  (Session info: chrome=93.0.4577.82)
For documentation on this error, please visit: https://www.seleniumhq.org/exceptions/no_such_element.html
Build info: version: '3.141.59', revision: 'e82be7d358', time: '2018-11-14T08:17:03'
System info: host: 'Danishs-MBP', ip: 'fe80:0:0:0:1887:8520:a890:633%en0', os.name: 'Mac OS X', os.arch: 'x86_64', os.version: '11.4', java.version: '16.0.2'
Driver info: org.openqa.selenium.chrome.ChromeDriver
Capabilities {acceptInsecureCerts: false, browserName: chrome, browserVersion: 93.0.4577.82, chrome: {chromedriverVersion: 92.0.4515.107 (87a818b10553..., userDataDir: /var/folders/6n/jt725dcd73l...}, goog:chromeOptions: {debuggerAddress: localhost:49906}, javascriptEnabled: true, networkConnectionEnabled: false, pageLoadStrategy: normal, platform: MAC, platformName: MAC, proxy: Proxy(), setWindowRect: true, strictFileInteractability: false, timeouts: {implicit: 0, pageLoad: 300000, script: 30000}, unhandledPromptBehavior: dismiss and notify, webauthn:extension:credBlob: true, webauthn:extension:largeBlob: true, webauthn:virtualAuthenticators: true}
Session ID: 29b62c7c6f31f0d71de52f1d0ae10c7e
*** Element info: {Using=id, value=Setting_MasterData}]]>
            </message>
            <full-stacktrace>
              <![CDATA[org.openqa.selenium.NoSuchElementException: no such element: Unable to locate element: {"method":"css selector","selector":"#Setting_MasterData"}
  (Session info: chrome=93.0.4577.82)
For documentation on this error, please visit: https://www.seleniumhq.org/exceptions/no_such_element.html
Build info: version: '3.141.59', revision: 'e82be7d358', time: '2018-11-14T08:17:03'
System info: host: 'Danishs-MBP', ip: 'fe80:0:0:0:1887:8520:a890:633%en0', os.name: 'Mac OS X', os.arch: 'x86_64', os.version: '11.4', java.version: '16.0.2'
Driver info: org.openqa.selenium.chrome.ChromeDriver
Capabilities {acceptInsecureCerts: false, browserName: chrome, browserVersion: 93.0.4577.82, chrome: {chromedriverVersion: 92.0.4515.107 (87a818b10553..., userDataDir: /var/folders/6n/jt725dcd73l...}, goog:chromeOptions: {debuggerAddress: localhost:49906}, javascriptEnabled: true, networkConnectionEnabled: false, pageLoadStrategy: normal, platform: MAC, platformName: MAC, proxy: Proxy(), setWindowRect: true, strictFileInteractability: false, timeouts: {implicit: 0, pageLoad: 300000, script: 30000}, unhandledPromptBehavior: dismiss and notify, webauthn:extension:credBlob: true, webauthn:extension:largeBlob: true, webauthn:virtualAuthenticators: true}
Session ID: 29b62c7c6f31f0d71de52f1d0ae10c7e
*** Element info: {Using=id, value=Setting_MasterData}
at java.base/jdk.internal.reflect.NativeConstructorAccessorImpl.newInstance0(Native Method)
at java.base/jdk.internal.reflect.NativeConstructorAccessorImpl.newInstance(NativeConstructorAccessorImpl.java:78)
at java.base/jdk.internal.reflect.DelegatingConstructorAccessorImpl.newInstance(DelegatingConstructorAccessorImpl.java:45)
at java.base/java.lang.reflect.Constructor.newInstanceWithCaller(Constructor.java:499)
at java.base/java.lang.reflect.Constructor.newInstance(Constructor.java:480)
at org.openqa.selenium.remote.http.W3CHttpResponseCodec.createException(W3CHttpResponseCodec.java:187)
at org.openqa.selenium.remote.http.W3CHttpResponseCodec.decode(W3CHttpResponseCodec.java:122)
at org.openqa.selenium.remote.http.W3CHttpResponseCodec.decode(W3CHttpResponseCodec.java:49)
at org.openqa.selenium.remote.HttpCommandExecutor.execute(HttpCommandExecutor.java:158)
at org.openqa.selenium.remote.service.DriverCommandExecutor.execute(DriverCommandExecutor.java:83)
at org.openqa.selenium.remote.RemoteWebDriver.execute(RemoteWebDriver.java:552)
at org.openqa.selenium.remote.RemoteWebDriver.findElement(RemoteWebDriver.java:323)
at org.openqa.selenium.remote.RemoteWebDriver.findElementById(RemoteWebDriver.java:372)
at org.openqa.selenium.By$ById.findElement(By.java:188)
at org.openqa.selenium.remote.RemoteWebDriver.findElement(RemoteWebDriver.java:315)
at org.openqa.selenium.support.pagefactory.DefaultElementLocator.findElement(DefaultElementLocator.java:69)
at org.openqa.selenium.support.pagefactory.internal.LocatingElementHandler.invoke(LocatingElementHandler.java:38)
at jdk.proxy2/jdk.proxy2.$Proxy12.click(Unknown Source)
at pageobjects.ActivityPage.logIn(ActivityPage.java:34)
at pageobjectstests.ActivityPageTest.masterPmsTest(ActivityPageTest.java:32)
at java.base/jdk.internal.reflect.NativeMethodAccessorImpl.invoke0(Native Method)
at java.base/jdk.internal.reflect.NativeMethodAccessorImpl.invoke(NativeMethodAccessorImpl.java:78)
at java.base/jdk.internal.reflect.DelegatingMethodAccessorImpl.invoke(DelegatingMethodAccessorImpl.java:43)
at java.base/java.lang.reflect.Method.invoke(Method.java:567)
at org.testng.internal.MethodInvocationHelper.invokeMethod(MethodInvocationHelper.java:124)
at org.testng.internal.Invoker.invokeMethod(Invoker.java:583)
at org.testng.internal.Invoker.invokeTestMethod(Invoker.java:719)
at org.testng.internal.Invoker.invokeTestMethods(Invoker.java:989)
at org.testng.internal.TestMethodWorker.invokeTestMethods(TestMethodWorker.java:125)
at org.testng.internal.TestMethodWorker.run(TestMethodWorker.java:109)
at org.testng.TestRunner.privateRun(TestRunner.java:648)
at org.testng.TestRunner.run(TestRunner.java:505)
at org.testng.SuiteRunner.runTest(SuiteRunner.java:455)
at org.testng.SuiteRunner.runSequentially(SuiteRunner.java:450)
at org.testng.SuiteRunner.privateRun(SuiteRunner.java:415)
at org.testng.SuiteRunner.run(SuiteRunner.java:364)
at org.testng.SuiteRunnerWorker.runSuite(SuiteRunnerWorker.java:52)
at org.testng.SuiteRunnerWorker.run(SuiteRunnerWorker.java:84)
at org.testng.TestNG.runSuitesSequentially(TestNG.java:1208)
at org.testng.TestNG.runSuitesLocally(TestNG.java:1137)
at org.testng.TestNG.runSuites(TestNG.java:1049)
at org.testng.TestNG.run(TestNG.java:1017)
at org.apache.maven.surefire.testng.TestNGExecutor.run(TestNGExecutor.java:281)
at org.apache.maven.surefire.testng.TestNGXmlTestSuite.execute(TestNGXmlTestSuite.java:75)
at org.apache.maven.surefire.testng.TestNGProvider.invoke(TestNGProvider.java:121)
at org.apache.maven.surefire.booter.ForkedBooter.invokeProviderInSameClassLoader(ForkedBooter.java:290)
at org.apache.maven.surefire.booter.ForkedBooter.runSuitesInProcess(ForkedBooter.java:242)
at org.apache.maven.surefire.booter.ForkedBooter.main(ForkedBooter.java:121)
]]>
            </full-stacktrace>
          </exception> <!-- org.openqa.selenium.NoSuchElementException -->
          <reporter-output>
          </reporter-output>
        </test-method> <!-- masterPmsTest -->
        <test-method is-config="true" signature="initializeElements()[pri:0, instance:pageobjectstests.ActivityPageTest@4ae82894]" started-at="2021-09-17T03:30:22Z" name="initializeElements" finished-at="2021-09-17T03:30:22Z" duration-ms="0" status="PASS">
          <reporter-output>
          </reporter-output>
        </test-method> <!-- initializeElements -->
        <test-method is-config="true" signature="afterEachTestMethod(org.testng.ITestResult)[pri:0, instance:pageobjectstests.ActivityPageTest@4ae82894]" started-at="2021-09-17T03:30:24Z" name="afterEachTestMethod" finished-at="2021-09-17T03:30:25Z" duration-ms="674" status="PASS">
          <params>
            <param index="0">
              <value>
                <![CDATA[[TestResult name=masterPmsTest status=FAILURE method=ActivityPageTest.masterPmsTest(java.lang.String, java.lang.String)[pri:0, instance:pageobjectstests.ActivityPageTest@4ae82894] output={null}]]]>
              </value>
            </param>
          </params>
          <reporter-output>
          </reporter-output>
        </test-method> <!-- afterEachTestMethod -->
        <test-method is-config="true" signature="cleanUp()[pri:0, instance:pageobjectstests.ActivityPageTest@4ae82894]" started-at="2021-09-17T03:30:25Z" name="cleanUp" finished-at="2021-09-17T03:30:30Z" duration-ms="5004" status="PASS">
          <reporter-output>
          </reporter-output>
        </test-method> <!-- cleanUp -->
      </class> <!-- pageobjectstests.ActivityPageTest -->
      <class name="pageobjectstests.AddBookTest">
        <test-method is-config="true" signature="setUp()[pri:0, instance:pageobjectstests.AddBookTest@587c290d]" started-at="2021-09-17T03:29:20Z" name="setUp" finished-at="2021-09-17T03:29:24Z" duration-ms="3728" status="PASS">
          <reporter-output>
          </reporter-output>
        </test-method> <!-- setUp -->
        <test-method is-config="true" signature="startExtent(java.lang.reflect.Method)[pri:0, instance:pageobjectstests.AddBookTest@587c290d]" started-at="2021-09-17T03:29:24Z" name="startExtent" finished-at="2021-09-17T03:29:24Z" duration-ms="1" status="PASS">
          <params>
            <param index="0">
              <value>
                <![CDATA[public void pageobjectstests.AddBookTest.LogInTest()]]>
              </value>
            </param>
          </params>
          <reporter-output>
          </reporter-output>
        </test-method> <!-- startExtent -->
        <test-method is-config="true" signature="initializeElements()[pri:0, instance:pageobjectstests.AddBookTest@587c290d]" started-at="2021-09-17T03:29:24Z" name="initializeElements" finished-at="2021-09-17T03:29:24Z" duration-ms="3" status="PASS">
          <reporter-output>
          </reporter-output>
        </test-method> <!-- initializeElements -->
        <test-method signature="LogInTest()[pri:0, instance:pageobjectstests.AddBookTest@587c290d]" started-at="2021-09-17T03:29:24Z" name="LogInTest" finished-at="2021-09-17T03:29:29Z" duration-ms="5584" status="FAIL">
          <exception class="java.lang.AssertionError">
            <message>
              <![CDATA[expected [Hamzi] but found [Hamza]]]>
            </message>
            <full-stacktrace>
              <![CDATA[java.lang.AssertionError: expected [Hamzi] but found [Hamza]
at org.testng.Assert.fail(Assert.java:96)
at org.testng.Assert.failNotEquals(Assert.java:776)
at org.testng.Assert.assertEqualsImpl(Assert.java:137)
at org.testng.Assert.assertEquals(Assert.java:118)
at org.testng.Assert.assertEquals(Assert.java:453)
at org.testng.Assert.assertEquals(Assert.java:463)
at pageobjectstests.AddBookTest.LogInTest(AddBookTest.java:21)
at java.base/jdk.internal.reflect.NativeMethodAccessorImpl.invoke0(Native Method)
at java.base/jdk.internal.reflect.NativeMethodAccessorImpl.invoke(NativeMethodAccessorImpl.java:78)
at java.base/jdk.internal.reflect.DelegatingMethodAccessorImpl.invoke(DelegatingMethodAccessorImpl.java:43)
at java.base/java.lang.reflect.Method.invoke(Method.java:567)
at org.testng.internal.MethodInvocationHelper.invokeMethod(MethodInvocationHelper.java:124)
at org.testng.internal.Invoker.invokeMethod(Invoker.java:583)
at org.testng.internal.Invoker.invokeTestMethod(Invoker.java:719)
at org.testng.internal.Invoker.invokeTestMethods(Invoker.java:989)
at org.testng.internal.TestMethodWorker.invokeTestMethods(TestMethodWorker.java:125)
at org.testng.internal.TestMethodWorker.run(TestMethodWorker.java:109)
at org.testng.TestRunner.privateRun(TestRunner.java:648)
at org.testng.TestRunner.run(TestRunner.java:505)
at org.testng.SuiteRunner.runTest(SuiteRunner.java:455)
at org.testng.SuiteRunner.runSequentially(SuiteRunner.java:450)
at org.testng.SuiteRunner.privateRun(SuiteRunner.java:415)
at org.testng.SuiteRunner.run(SuiteRunner.java:364)
at org.testng.SuiteRunnerWorker.runSuite(SuiteRunnerWorker.java:52)
at org.testng.SuiteRunnerWorker.run(SuiteRunnerWorker.java:84)
at org.testng.TestNG.runSuitesSequentially(TestNG.java:1208)
at org.testng.TestNG.runSuitesLocally(TestNG.java:1137)
at org.testng.TestNG.runSuites(TestNG.java:1049)
at org.testng.TestNG.run(TestNG.java:1017)
at org.apache.maven.surefire.testng.TestNGExecutor.run(TestNGExecutor.java:281)
at org.apache.maven.surefire.testng.TestNGXmlTestSuite.execute(TestNGXmlTestSuite.java:75)
at org.apache.maven.surefire.testng.TestNGProvider.invoke(TestNGProvider.java:121)
at org.apache.maven.surefire.booter.ForkedBooter.invokeProviderInSameClassLoader(ForkedBooter.java:290)
at org.apache.maven.surefire.booter.ForkedBooter.runSuitesInProcess(ForkedBooter.java:242)
at org.apache.maven.surefire.booter.ForkedBooter.main(ForkedBooter.java:121)
]]>
            </full-stacktrace>
          </exception> <!-- java.lang.AssertionError -->
          <reporter-output>
          </reporter-output>
        </test-method> <!-- LogInTest -->
        <test-method is-config="true" signature="afterEachTestMethod(org.testng.ITestResult)[pri:0, instance:pageobjectstests.AddBookTest@587c290d]" started-at="2021-09-17T03:29:29Z" name="afterEachTestMethod" finished-at="2021-09-17T03:29:30Z" duration-ms="671" status="PASS">
          <params>
            <param index="0">
              <value>
                <![CDATA[[TestResult name=LogInTest status=FAILURE method=AddBookTest.LogInTest()[pri:0, instance:pageobjectstests.AddBookTest@587c290d] output={null}]]]>
              </value>
            </param>
          </params>
          <reporter-output>
          </reporter-output>
        </test-method> <!-- afterEachTestMethod -->
        <test-method is-config="true" signature="cleanUp()[pri:0, instance:pageobjectstests.AddBookTest@587c290d]" started-at="2021-09-17T03:29:30Z" name="cleanUp" finished-at="2021-09-17T03:29:35Z" duration-ms="5003" status="PASS">
          <reporter-output>
          </reporter-output>
        </test-method> <!-- cleanUp -->
      </class> <!-- pageobjectstests.AddBookTest -->
      <class name="pageobjectstests.LogOutTest">
        <test-method is-config="true" signature="setUp()[pri:0, instance:pageobjectstests.LogOutTest@1f021e6c]" started-at="2021-09-17T03:28:46Z" name="setUp" finished-at="2021-09-17T03:28:50Z" duration-ms="3812" status="PASS">
          <reporter-output>
          </reporter-output>
        </test-method> <!-- setUp -->
        <test-method is-config="true" signature="startExtent(java.lang.reflect.Method)[pri:0, instance:pageobjectstests.LogOutTest@1f021e6c]" started-at="2021-09-17T03:28:50Z" name="startExtent" finished-at="2021-09-17T03:28:50Z" duration-ms="0" status="PASS">
          <params>
            <param index="0">
              <value>
                <![CDATA[public void pageobjectstests.LogOutTest.logOutTest()]]>
              </value>
            </param>
          </params>
          <reporter-output>
          </reporter-output>
        </test-method> <!-- startExtent -->
        <test-method is-config="true" signature="initializeElements()[pri:0, instance:pageobjectstests.LogOutTest@1f021e6c]" started-at="2021-09-17T03:28:50Z" name="initializeElements" finished-at="2021-09-17T03:28:50Z" duration-ms="4" status="PASS">
          <reporter-output>
          </reporter-output>
        </test-method> <!-- initializeElements -->
        <test-method signature="logOutTest()[pri:0, instance:pageobjectstests.LogOutTest@1f021e6c]" started-at="2021-09-17T03:28:50Z" name="logOutTest" finished-at="2021-09-17T03:28:53Z" duration-ms="3023" status="FAIL">
          <exception class="org.openqa.selenium.ElementNotInteractableException">
            <message>
              <![CDATA[element not interactable
  (Session info: chrome=93.0.4577.82)
Build info: version: '3.141.59', revision: 'e82be7d358', time: '2018-11-14T08:17:03'
System info: host: 'Danishs-MBP', ip: 'fe80:0:0:0:1887:8520:a890:633%en0', os.name: 'Mac OS X', os.arch: 'x86_64', os.version: '11.4', java.version: '16.0.2'
Driver info: org.openqa.selenium.chrome.ChromeDriver
Capabilities {acceptInsecureCerts: false, browserName: chrome, browserVersion: 93.0.4577.82, chrome: {chromedriverVersion: 92.0.4515.107 (87a818b10553..., userDataDir: /var/folders/6n/jt725dcd73l...}, goog:chromeOptions: {debuggerAddress: localhost:49658}, javascriptEnabled: true, networkConnectionEnabled: false, pageLoadStrategy: normal, platform: MAC, platformName: MAC, proxy: Proxy(), setWindowRect: true, strictFileInteractability: false, timeouts: {implicit: 0, pageLoad: 300000, script: 30000}, unhandledPromptBehavior: dismiss and notify, webauthn:extension:credBlob: true, webauthn:extension:largeBlob: true, webauthn:virtualAuthenticators: true}
Session ID: c3e15509de0d282d424c0e6c761e572a]]>
            </message>
            <full-stacktrace>
              <![CDATA[org.openqa.selenium.ElementNotInteractableException: element not interactable
  (Session info: chrome=93.0.4577.82)
Build info: version: '3.141.59', revision: 'e82be7d358', time: '2018-11-14T08:17:03'
System info: host: 'Danishs-MBP', ip: 'fe80:0:0:0:1887:8520:a890:633%en0', os.name: 'Mac OS X', os.arch: 'x86_64', os.version: '11.4', java.version: '16.0.2'
Driver info: org.openqa.selenium.chrome.ChromeDriver
Capabilities {acceptInsecureCerts: false, browserName: chrome, browserVersion: 93.0.4577.82, chrome: {chromedriverVersion: 92.0.4515.107 (87a818b10553..., userDataDir: /var/folders/6n/jt725dcd73l...}, goog:chromeOptions: {debuggerAddress: localhost:49658}, javascriptEnabled: true, networkConnectionEnabled: false, pageLoadStrategy: normal, platform: MAC, platformName: MAC, proxy: Proxy(), setWindowRect: true, strictFileInteractability: false, timeouts: {implicit: 0, pageLoad: 300000, script: 30000}, unhandledPromptBehavior: dismiss and notify, webauthn:extension:credBlob: true, webauthn:extension:largeBlob: true, webauthn:virtualAuthenticators: true}
Session ID: c3e15509de0d282d424c0e6c761e572a
at java.base/jdk.internal.reflect.NativeConstructorAccessorImpl.newInstance0(Native Method)
at java.base/jdk.internal.reflect.NativeConstructorAccessorImpl.newInstance(NativeConstructorAccessorImpl.java:78)
at java.base/jdk.internal.reflect.DelegatingConstructorAccessorImpl.newInstance(DelegatingConstructorAccessorImpl.java:45)
at java.base/java.lang.reflect.Constructor.newInstanceWithCaller(Constructor.java:499)
at java.base/java.lang.reflect.Constructor.newInstance(Constructor.java:480)
at org.openqa.selenium.remote.http.W3CHttpResponseCodec.createException(W3CHttpResponseCodec.java:187)
at org.openqa.selenium.remote.http.W3CHttpResponseCodec.decode(W3CHttpResponseCodec.java:122)
at org.openqa.selenium.remote.http.W3CHttpResponseCodec.decode(W3CHttpResponseCodec.java:49)
at org.openqa.selenium.remote.HttpCommandExecutor.execute(HttpCommandExecutor.java:158)
at org.openqa.selenium.remote.service.DriverCommandExecutor.execute(DriverCommandExecutor.java:83)
at org.openqa.selenium.remote.RemoteWebDriver.execute(RemoteWebDriver.java:552)
at org.openqa.selenium.remote.RemoteWebElement.execute(RemoteWebElement.java:285)
at org.openqa.selenium.remote.RemoteWebElement.click(RemoteWebElement.java:84)
at java.base/jdk.internal.reflect.NativeMethodAccessorImpl.invoke0(Native Method)
at java.base/jdk.internal.reflect.NativeMethodAccessorImpl.invoke(NativeMethodAccessorImpl.java:78)
at java.base/jdk.internal.reflect.DelegatingMethodAccessorImpl.invoke(DelegatingMethodAccessorImpl.java:43)
at java.base/java.lang.reflect.Method.invoke(Method.java:567)
at org.openqa.selenium.support.pagefactory.internal.LocatingElementHandler.invoke(LocatingElementHandler.java:51)
at jdk.proxy2/jdk.proxy2.$Proxy12.click(Unknown Source)
at pageobjects.LogOut.loggingOut(LogOut.java:28)
at pageobjectstests.LogOutTest.logOutTest(LogOutTest.java:17)
at java.base/jdk.internal.reflect.NativeMethodAccessorImpl.invoke0(Native Method)
at java.base/jdk.internal.reflect.NativeMethodAccessorImpl.invoke(NativeMethodAccessorImpl.java:78)
at java.base/jdk.internal.reflect.DelegatingMethodAccessorImpl.invoke(DelegatingMethodAccessorImpl.java:43)
at java.base/java.lang.reflect.Method.invoke(Method.java:567)
at org.testng.internal.MethodInvocationHelper.invokeMethod(MethodInvocationHelper.java:124)
at org.testng.internal.Invoker.invokeMethod(Invoker.java:583)
at org.testng.internal.Invoker.invokeTestMethod(Invoker.java:719)
at org.testng.internal.Invoker.invokeTestMethods(Invoker.java:989)
at org.testng.internal.TestMethodWorker.invokeTestMethods(TestMethodWorker.java:125)
at org.testng.internal.TestMethodWorker.run(TestMethodWorker.java:109)
at org.testng.TestRunner.privateRun(TestRunner.java:648)
at org.testng.TestRunner.run(TestRunner.java:505)
at org.testng.SuiteRunner.runTest(SuiteRunner.java:455)
at org.testng.SuiteRunner.runSequentially(SuiteRunner.java:450)
at org.testng.SuiteRunner.privateRun(SuiteRunner.java:415)
at org.testng.SuiteRunner.run(SuiteRunner.java:364)
at org.testng.SuiteRunnerWorker.runSuite(SuiteRunnerWorker.java:52)
at org.testng.SuiteRunnerWorker.run(SuiteRunnerWorker.java:84)
at org.testng.TestNG.runSuitesSequentially(TestNG.java:1208)
at org.testng.TestNG.runSuitesLocally(TestNG.java:1137)
at org.testng.TestNG.runSuites(TestNG.java:1049)
at org.testng.TestNG.run(TestNG.java:1017)
at org.apache.maven.surefire.testng.TestNGExecutor.run(TestNGExecutor.java:281)
at org.apache.maven.surefire.testng.TestNGXmlTestSuite.execute(TestNGXmlTestSuite.java:75)
at org.apache.maven.surefire.testng.TestNGProvider.invoke(TestNGProvider.java:121)
at org.apache.maven.surefire.booter.ForkedBooter.invokeProviderInSameClassLoader(ForkedBooter.java:290)
at org.apache.maven.surefire.booter.ForkedBooter.runSuitesInProcess(ForkedBooter.java:242)
at org.apache.maven.surefire.booter.ForkedBooter.main(ForkedBooter.java:121)
]]>
            </full-stacktrace>
          </exception> <!-- org.openqa.selenium.ElementNotInteractableException -->
          <reporter-output>
          </reporter-output>
        </test-method> <!-- logOutTest -->
        <test-method is-config="true" signature="afterEachTestMethod(org.testng.ITestResult)[pri:0, instance:pageobjectstests.LogOutTest@1f021e6c]" started-at="2021-09-17T03:28:53Z" name="afterEachTestMethod" finished-at="2021-09-17T03:28:54Z" duration-ms="877" status="PASS">
          <params>
            <param index="0">
              <value>
                <![CDATA[[TestResult name=logOutTest status=FAILURE method=LogOutTest.logOutTest()[pri:0, instance:pageobjectstests.LogOutTest@1f021e6c] output={null}]]]>
              </value>
            </param>
          </params>
          <reporter-output>
          </reporter-output>
        </test-method> <!-- afterEachTestMethod -->
        <test-method is-config="true" signature="cleanUp()[pri:0, instance:pageobjectstests.LogOutTest@1f021e6c]" started-at="2021-09-17T03:28:54Z" name="cleanUp" finished-at="2021-09-17T03:28:59Z" duration-ms="5003" status="PASS">
          <reporter-output>
          </reporter-output>
        </test-method> <!-- cleanUp -->
      </class> <!-- pageobjectstests.LogOutTest -->
      <class name="pageobjectstests.HomePageTest">
        <test-method is-config="true" signature="extentSetup(org.testng.ITestContext)[pri:0, instance:pageobjectstests.HomePageTest@35a50a4c]" started-at="2021-09-17T03:28:32Z" name="extentSetup" finished-at="2021-09-17T03:28:32Z" duration-ms="331" status="PASS">
          <params>
            <param index="0">
              <value>
                <![CDATA[org.testng.TestRunner@9f674ac]]>
              </value>
            </param>
          </params>
          <reporter-output>
            <line>
              <![CDATA[Extent Report Directory/Users/danishbangash/Desktop/QA/FrameWork/HRPMS/target/surefire-reports/html]]>
            </line>
          </reporter-output>
        </test-method> <!-- extentSetup -->
        <test-method is-config="true" signature="setUp()[pri:0, instance:pageobjectstests.HomePageTest@35a50a4c]" started-at="2021-09-17T03:28:32Z" name="setUp" finished-at="2021-09-17T03:28:37Z" duration-ms="5054" status="PASS">
          <reporter-output>
          </reporter-output>
        </test-method> <!-- setUp -->
        <test-method is-config="true" signature="startExtent(java.lang.reflect.Method)[pri:0, instance:pageobjectstests.HomePageTest@35a50a4c]" started-at="2021-09-17T03:28:37Z" name="startExtent" finished-at="2021-09-17T03:28:37Z" duration-ms="7" status="PASS">
          <params>
            <param index="0">
              <value>
                <![CDATA[public void pageobjectstests.HomePageTest.LogInTest()]]>
              </value>
            </param>
          </params>
          <reporter-output>
          </reporter-output>
        </test-method> <!-- startExtent -->
        <test-method is-config="true" signature="initializeElements()[pri:0, instance:pageobjectstests.HomePageTest@35a50a4c]" started-at="2021-09-17T03:28:37Z" name="initializeElements" finished-at="2021-09-17T03:28:37Z" duration-ms="83" status="PASS">
          <reporter-output>
          </reporter-output>
        </test-method> <!-- initializeElements -->
        <test-method signature="LogInTest()[pri:0, instance:pageobjectstests.HomePageTest@35a50a4c]" started-at="2021-09-17T03:28:37Z" name="LogInTest" finished-at="2021-09-17T03:28:40Z" duration-ms="2871" status="PASS">
          <reporter-output>
          </reporter-output>
        </test-method> <!-- LogInTest -->
        <test-method is-config="true" signature="afterEachTestMethod(org.testng.ITestResult)[pri:0, instance:pageobjectstests.HomePageTest@35a50a4c]" started-at="2021-09-17T03:28:40Z" name="afterEachTestMethod" finished-at="2021-09-17T03:28:41Z" duration-ms="798" status="PASS">
          <params>
            <param index="0">
              <value>
                <![CDATA[[TestResult name=LogInTest status=SUCCESS method=HomePageTest.LogInTest()[pri:0, instance:pageobjectstests.HomePageTest@35a50a4c] output={null}]]]>
              </value>
            </param>
          </params>
          <reporter-output>
          </reporter-output>
        </test-method> <!-- afterEachTestMethod -->
        <test-method is-config="true" signature="cleanUp()[pri:0, instance:pageobjectstests.HomePageTest@35a50a4c]" started-at="2021-09-17T03:28:41Z" name="cleanUp" finished-at="2021-09-17T03:28:46Z" duration-ms="5004" status="PASS">
          <reporter-output>
          </reporter-output>
        </test-method> <!-- cleanUp -->
        <test-method is-config="true" signature="generateReport()[pri:0, instance:pageobjectstests.HomePageTest@35a50a4c]" started-at="2021-09-17T03:30:30Z" name="generateReport" finished-at="2021-09-17T03:30:30Z" duration-ms="63" status="PASS">
          <reporter-output>
          </reporter-output>
        </test-method> <!-- generateReport -->
      </class> <!-- pageobjectstests.HomePageTest -->
      <class name="pageobjectstests.NewEmployeeTest">
        <test-method is-config="true" signature="setUp()[pri:0, instance:pageobjectstests.NewEmployeeTest@103f852]" started-at="2021-09-17T03:28:59Z" name="setUp" finished-at="2021-09-17T03:29:02Z" duration-ms="3210" status="PASS">
          <reporter-output>
          </reporter-output>
        </test-method> <!-- setUp -->
        <test-method is-config="true" signature="initializeElements()[pri:0, instance:pageobjectstests.NewEmployeeTest@103f852]" started-at="2021-09-17T03:29:02Z" name="initializeElements" finished-at="2021-09-17T03:29:02Z" duration-ms="24" status="PASS">
          <reporter-output>
          </reporter-output>
        </test-method> <!-- initializeElements -->
        <test-method is-config="true" signature="startExtent(java.lang.reflect.Method)[pri:0, instance:pageobjectstests.NewEmployeeTest@103f852]" started-at="2021-09-17T03:29:02Z" name="startExtent" finished-at="2021-09-17T03:29:02Z" duration-ms="0" status="PASS">
          <params>
            <param index="0">
              <value>
                <![CDATA[public void pageobjectstests.NewEmployeeTest.LogInTest()]]>
              </value>
            </param>
          </params>
          <reporter-output>
          </reporter-output>
        </test-method> <!-- startExtent -->
        <test-method signature="LogInTest()[pri:0, instance:pageobjectstests.NewEmployeeTest@103f852]" started-at="2021-09-17T03:29:02Z" name="LogInTest" finished-at="2021-09-17T03:29:15Z" duration-ms="12562" status="PASS">
          <reporter-output>
          </reporter-output>
        </test-method> <!-- LogInTest -->
        <test-method is-config="true" signature="afterEachTestMethod(org.testng.ITestResult)[pri:0, instance:pageobjectstests.NewEmployeeTest@103f852]" started-at="2021-09-17T03:29:15Z" name="afterEachTestMethod" finished-at="2021-09-17T03:29:15Z" duration-ms="298" status="PASS">
          <params>
            <param index="0">
              <value>
                <![CDATA[[TestResult name=LogInTest status=SUCCESS method=NewEmployeeTest.LogInTest()[pri:0, instance:pageobjectstests.NewEmployeeTest@103f852] output={null}]]]>
              </value>
            </param>
          </params>
          <reporter-output>
          </reporter-output>
        </test-method> <!-- afterEachTestMethod -->
        <test-method is-config="true" signature="cleanUp()[pri:0, instance:pageobjectstests.NewEmployeeTest@103f852]" started-at="2021-09-17T03:29:15Z" name="cleanUp" finished-at="2021-09-17T03:29:20Z" duration-ms="5004" status="PASS">
          <reporter-output>
          </reporter-output>
        </test-method> <!-- cleanUp -->
      </class> <!-- pageobjectstests.NewEmployeeTest -->
      <class name="pageobjectstests.ActorIdTests">
        <test-method signature="test()[pri:0, instance:pageobjectstests.ActorIdTests@4516af24]" started-at="2021-09-17T03:29:35Z" name="test" finished-at="2021-09-17T03:29:36Z" duration-ms="976" status="PASS">
          <reporter-output>
          </reporter-output>
        </test-method> <!-- test -->
      </class> <!-- pageobjectstests.ActorIdTests -->
    </test> <!-- HRPMS -->
  </suite> <!-- Automation Test -->
</testng-results>
